---------------------------------------------------------------
[ 2017-08-27T14:28:49+08:00 ] 114.215.104.111 123.132.68.207 GET /install.php
[ info ] www.v2dj.com/install.php [运行时间：0.043940s][吞吐率：22.76req/s] [内存消耗：2,651.89kb] [文件加载：50]
[ info ] [ LANG ] /data/home/qyu3136720001/htdocs/core/lang/zh-cn.php
[ info ] [ ROUTE ] array (
  'type' => 'module',
  'module' => 
  array (
    0 => 'install',
    1 => NULL,
    2 => NULL,
  ),
)
[ info ] [ HEADER ] array (
  'accept' => 'text/html,application/xhtml+xml,application/xml;q=0.9,image/webp,image/apng,*/*;q=0.8',
  'accept-encoding' => 'gzip, deflate',
  'accept-language' => 'zh-CN,zh;q=0.8',
  'connection' => 'keep-alive',
  'cookie' => 'Hm_lvt_8d4781efb745a6c0ff23b4d3560735db=1502241560; PHPSESSID=2lqsj2p5tq880r7u74naj6dm76',
  'host' => 'www.v2dj.com',
  'upgrade-insecure-requests' => '1',
  'user-agent' => 'Mozilla/5.0 (Windows NT 6.1; Win64; x64) AppleWebKit/537.36 (KHTML, like Gecko) Chrome/59.0.3071.115 Safari/537.36',
)
[ info ] [ PARAM ] array (
)
[ info ] [ BEHAVIOR ] Run app\common\behavior\InitHook @app_begin [ RunTime:0.000378s ]
[ info ] [ RUN ] app\install\controller\IndexController->index[ /data/home/qyu3136720001/htdocs/app/install/controller/IndexController.php ]
[ info ] [ VIEW ] /data/home/qyu3136720001/htdocs/app/install/view/index/index.html [ array (
) ]
[ info ] [ BEHAVIOR ] Run app\common\behavior\FilterTpl @view_filter [ RunTime:0.000475s ]
[ info ] [ LOG ] INIT File
---------------------------------------------------------------
[ 2017-08-27T14:29:59+08:00 ] 114.215.104.111 123.132.68.207 GET /install.php/index/step3.html
[ error ] [8]ob_flush(): failed to flush buffer. No buffer to flush
